Build started 2019/12/6 12:27:11.
     1>Project "E:\OpenSource\DooRabbitMQ_vs2010\mq.vcxproj" on node 2 (rebuild target(s)).
     1>_PrepareForClean:
         Deleting file "Debug\mq.lastbuildstate".
       InitializeBuildStatus:
         Creating "Debug\mq.unsuccessfulbuild" because "AlwaysCreate" was specified.
       ClCompile:
         C:\Program Files (x86)\Microsoft Visual Studio 10.0\VC\bin\CL.exe /c /I.\AMQP_include /I"D:\tool\VisualLeakDetector\Visual Leak Detector\include" /ZI /nologo /W3 /WX- /Od /Oy- /D WIN32 /D _DEBUG /D _UNICODE /D UNICODE /Gm /EHsc /RTC1 /MDd /GS /fp:precise /Zc:wchar_t /Zc:forScope /Fo"Debug\\" /Fd"Debug\vc100.pdb" /Gd /TP /analyze- /errorReport:prompt AMQP_src\RabbitMQ.cpp AMQP_src\RabbitMQ_Adapter.cpp
         RabbitMQ_Adapter.cpp
     1>e:\opensource\doorabbitmq_vs2010\amqp_src\rabbitmq_adapter.cpp(674): warning C4996: 'sprintf': This function or variable may be unsafe. Consider using sprintf_s instead. To disable deprecation, use _CRT_SECURE_NO_WARNINGS. See online help for details.
                 c:\program files (x86)\microsoft visual studio 10.0\vc\include\stdio.h(371) : see declaration of 'sprintf'
     1>e:\opensource\doorabbitmq_vs2010\amqp_src\rabbitmq_adapter.cpp(678): warning C4996: 'sprintf': This function or variable may be unsafe. Consider using sprintf_s instead. To disable deprecation, use _CRT_SECURE_NO_WARNINGS. See online help for details.
                 c:\program files (x86)\microsoft visual studio 10.0\vc\include\stdio.h(371) : see declaration of 'sprintf'
     1>e:\opensource\doorabbitmq_vs2010\amqp_src\rabbitmq_adapter.cpp(688): warning C4996: 'sprintf': This function or variable may be unsafe. Consider using sprintf_s instead. To disable deprecation, use _CRT_SECURE_NO_WARNINGS. See online help for details.
                 c:\program files (x86)\microsoft visual studio 10.0\vc\include\stdio.h(371) : see declaration of 'sprintf'
     1>e:\opensource\doorabbitmq_vs2010\amqp_src\rabbitmq_adapter.cpp(696): warning C4996: 'sprintf': This function or variable may be unsafe. Consider using sprintf_s instead. To disable deprecation, use _CRT_SECURE_NO_WARNINGS. See online help for details.
                 c:\program files (x86)\microsoft visual studio 10.0\vc\include\stdio.h(371) : see declaration of 'sprintf'
     1>e:\opensource\doorabbitmq_vs2010\amqp_src\rabbitmq_adapter.cpp(700): warning C4996: 'sprintf': This function or variable may be unsafe. Consider using sprintf_s instead. To disable deprecation, use _CRT_SECURE_NO_WARNINGS. See online help for details.
                 c:\program files (x86)\microsoft visual studio 10.0\vc\include\stdio.h(371) : see declaration of 'sprintf'
         RabbitMQ.cpp
         Generating Code...
       Lib:
         C:\Program Files (x86)\Microsoft Visual Studio 10.0\VC\bin\Lib.exe /OUT:".\lib32debug\MQd.lib" /LIBPATH:"D:\tool\VisualLeakDetector\Visual Leak Detector\lib\Win32" /NOLOGO Debug\RabbitMQ.obj
         Debug\RabbitMQ_Adapter.obj
         mq.vcxproj -> E:\OpenSource\DooRabbitMQ_vs2010\.\lib32debug\MQd.lib
       FinalizeBuildStatus:
         Deleting file "Debug\mq.unsuccessfulbuild".
         Touching "Debug\mq.lastbuildstate".
     1>Done Building Project "E:\OpenSource\DooRabbitMQ_vs2010\mq.vcxproj" (rebuild target(s)).

Build succeeded.

Time Elapsed 00:00:01.83
